<?xml version="1.0" encoding="UTF-8"?>
<testsuite xmlns:xsi="http://www.w3.org/2001/XMLSchema-instance" xsi:noNamespaceSchemaLocation="https://maven.apache.org/surefire/maven-surefire-plugin/xsd/surefire-test-report.xsd" name="summit.AppTest" time="0.08" tests="1" errors="0" skipped="0" failures="0">
  <properties>
    <property name="awt.toolkit" value="sun.awt.X11.XToolkit"/>
    <property name="java.specification.version" value="11"/>
    <property name="sun.cpu.isalist" value=""/>
    <property name="sun.jnu.encoding" value="UTF-8"/>
    <property name="java.class.path" value="/workspaces/insideME/flink-demo-app/flink/target/test-classes:/workspaces/insideME/flink-demo-app/flink/target/classes:/home/codespace/.m2/repository/org/apache/flink/flink-core/1.15.2/flink-core-1.15.2.jar:/home/codespace/.m2/repository/org/apache/flink/flink-annotations/1.15.2/flink-annotations-1.15.2.jar:/home/codespace/.m2/repository/org/apache/flink/flink-metrics-core/1.15.2/flink-metrics-core-1.15.2.jar:/home/codespace/.m2/repository/org/apache/flink/flink-shaded-asm-9/9.2-15.0/flink-shaded-asm-9-9.2-15.0.jar:/home/codespace/.m2/repository/org/apache/commons/commons-lang3/3.3.2/commons-lang3-3.3.2.jar:/home/codespace/.m2/repository/com/esotericsoftware/kryo/kryo/2.24.0/kryo-2.24.0.jar:/home/codespace/.m2/repository/com/esotericsoftware/minlog/minlog/1.2/minlog-1.2.jar:/home/codespace/.m2/repository/org/objenesis/objenesis/2.1/objenesis-2.1.jar:/home/codespace/.m2/repository/commons-collections/commons-collections/3.2.2/commons-collections-3.2.2.jar:/home/codespace/.m2/repository/org/apache/commons/commons-compress/1.21/commons-compress-1.21.jar:/home/codespace/.m2/repository/org/apache/flink/flink-shaded-guava/30.1.1-jre-15.0/flink-shaded-guava-30.1.1-jre-15.0.jar:/home/codespace/.m2/repository/org/slf4j/slf4j-api/1.7.32/slf4j-api-1.7.32.jar:/home/codespace/.m2/repository/com/google/code/findbugs/jsr305/1.3.9/jsr305-1.3.9.jar:/home/codespace/.m2/repository/org/apache/flink/flink-shaded-force-shading/15.0/flink-shaded-force-shading-15.0.jar:/home/codespace/.m2/repository/org/apache/flink/flink-connector-kafka/1.15.2/flink-connector-kafka-1.15.2.jar:/home/codespace/.m2/repository/org/apache/flink/flink-connector-base/1.15.2/flink-connector-base-1.15.2.jar:/home/codespace/.m2/repository/org/apache/flink/flink-streaming-java/1.15.2/flink-streaming-java-1.15.2.jar:/home/codespace/.m2/repository/org/apache/flink/flink-file-sink-common/1.15.2/flink-file-sink-common-1.15.2.jar:/home/codespace/.m2/repository/org/apache/flink/flink-runtime/1.15.2/flink-runtime-1.15.2.jar:/home/codespace/.m2/repository/org/apache/flink/flink-rpc-core/1.15.2/flink-rpc-core-1.15.2.jar:/home/codespace/.m2/repository/org/apache/flink/flink-rpc-akka-loader/1.15.2/flink-rpc-akka-loader-1.15.2.jar:/home/codespace/.m2/repository/org/apache/flink/flink-queryable-state-client-java/1.15.2/flink-queryable-state-client-java-1.15.2.jar:/home/codespace/.m2/repository/org/apache/flink/flink-hadoop-fs/1.15.2/flink-hadoop-fs-1.15.2.jar:/home/codespace/.m2/repository/commons-io/commons-io/2.11.0/commons-io-2.11.0.jar:/home/codespace/.m2/repository/org/apache/flink/flink-shaded-netty/4.1.70.Final-15.0/flink-shaded-netty-4.1.70.Final-15.0.jar:/home/codespace/.m2/repository/org/apache/flink/flink-shaded-jackson/2.12.4-15.0/flink-shaded-jackson-2.12.4-15.0.jar:/home/codespace/.m2/repository/org/apache/flink/flink-shaded-zookeeper-3/3.5.9-15.0/flink-shaded-zookeeper-3-3.5.9-15.0.jar:/home/codespace/.m2/repository/commons-cli/commons-cli/1.5.0/commons-cli-1.5.0.jar:/home/codespace/.m2/repository/org/javassist/javassist/3.24.0-GA/javassist-3.24.0-GA.jar:/home/codespace/.m2/repository/org/apache/commons/commons-math3/3.6.1/commons-math3-3.6.1.jar:/home/codespace/.m2/repository/com/amazonaws/aws-kinesisanalytics-runtime/1.2.0/aws-kinesisanalytics-runtime-1.2.0.jar:/home/codespace/.m2/repository/org/apache/flink/flink-java/1.15.2/flink-java-1.15.2.jar:/home/codespace/.m2/repository/com/twitter/chill-java/0.7.6/chill-java-0.7.6.jar:/home/codespace/.m2/repository/software/amazon/awssdk/ssm/2.25.70/ssm-2.25.70.jar:/home/codespace/.m2/repository/software/amazon/awssdk/aws-json-protocol/2.25.70/aws-json-protocol-2.25.70.jar:/home/codespace/.m2/repository/software/amazon/awssdk/third-party-jackson-core/2.25.70/third-party-jackson-core-2.25.70.jar:/home/codespace/.m2/repository/software/amazon/awssdk/protocol-core/2.25.70/protocol-core-2.25.70.jar:/home/codespace/.m2/repository/software/amazon/awssdk/http-auth-aws/2.25.70/http-auth-aws-2.25.70.jar:/home/codespace/.m2/repository/software/amazon/awssdk/checksums-spi/2.25.70/checksums-spi-2.25.70.jar:/home/codespace/.m2/repository/software/amazon/awssdk/checksums/2.25.70/checksums-2.25.70.jar:/home/codespace/.m2/repository/software/amazon/awssdk/sdk-core/2.25.70/sdk-core-2.25.70.jar:/home/codespace/.m2/repository/org/reactivestreams/reactive-streams/1.0.4/reactive-streams-1.0.4.jar:/home/codespace/.m2/repository/software/amazon/awssdk/auth/2.25.70/auth-2.25.70.jar:/home/codespace/.m2/repository/software/amazon/eventstream/eventstream/1.0.1/eventstream-1.0.1.jar:/home/codespace/.m2/repository/software/amazon/awssdk/http-auth-spi/2.25.70/http-auth-spi-2.25.70.jar:/home/codespace/.m2/repository/software/amazon/awssdk/http-auth/2.25.70/http-auth-2.25.70.jar:/home/codespace/.m2/repository/software/amazon/awssdk/identity-spi/2.25.70/identity-spi-2.25.70.jar:/home/codespace/.m2/repository/software/amazon/awssdk/http-client-spi/2.25.70/http-client-spi-2.25.70.jar:/home/codespace/.m2/repository/software/amazon/awssdk/regions/2.25.70/regions-2.25.70.jar:/home/codespace/.m2/repository/software/amazon/awssdk/annotations/2.25.70/annotations-2.25.70.jar:/home/codespace/.m2/repository/software/amazon/awssdk/utils/2.25.70/utils-2.25.70.jar:/home/codespace/.m2/repository/software/amazon/awssdk/aws-core/2.25.70/aws-core-2.25.70.jar:/home/codespace/.m2/repository/software/amazon/awssdk/metrics-spi/2.25.70/metrics-spi-2.25.70.jar:/home/codespace/.m2/repository/software/amazon/awssdk/json-utils/2.25.70/json-utils-2.25.70.jar:/home/codespace/.m2/repository/software/amazon/awssdk/endpoints-spi/2.25.70/endpoints-spi-2.25.70.jar:/home/codespace/.m2/repository/software/amazon/awssdk/apache-client/2.25.70/apache-client-2.25.70.jar:/home/codespace/.m2/repository/org/apache/httpcomponents/httpclient/4.5.13/httpclient-4.5.13.jar:/home/codespace/.m2/repository/org/apache/httpcomponents/httpcore/4.4.13/httpcore-4.4.13.jar:/home/codespace/.m2/repository/commons-codec/commons-codec/1.15/commons-codec-1.15.jar:/home/codespace/.m2/repository/software/amazon/awssdk/netty-nio-client/2.25.70/netty-nio-client-2.25.70.jar:/home/codespace/.m2/repository/io/netty/netty-codec-http/4.1.108.Final/netty-codec-http-4.1.108.Final.jar:/home/codespace/.m2/repository/io/netty/netty-codec-http2/4.1.108.Final/netty-codec-http2-4.1.108.Final.jar:/home/codespace/.m2/repository/io/netty/netty-codec/4.1.108.Final/netty-codec-4.1.108.Final.jar:/home/codespace/.m2/repository/io/netty/netty-transport/4.1.108.Final/netty-transport-4.1.108.Final.jar:/home/codespace/.m2/repository/io/netty/netty-common/4.1.108.Final/netty-common-4.1.108.Final.jar:/home/codespace/.m2/repository/io/netty/netty-buffer/4.1.108.Final/netty-buffer-4.1.108.Final.jar:/home/codespace/.m2/repository/io/netty/netty-handler/4.1.108.Final/netty-handler-4.1.108.Final.jar:/home/codespace/.m2/repository/io/netty/netty-transport-native-unix-common/4.1.108.Final/netty-transport-native-unix-common-4.1.108.Final.jar:/home/codespace/.m2/repository/io/netty/netty-transport-classes-epoll/4.1.108.Final/netty-transport-classes-epoll-4.1.108.Final.jar:/home/codespace/.m2/repository/io/netty/netty-resolver/4.1.108.Final/netty-resolver-4.1.108.Final.jar:/home/codespace/.m2/repository/software/amazon/awssdk/profiles/2.26.10/profiles-2.26.10.jar:/home/codespace/.m2/repository/org/apache/kafka/kafka-clients/2.8.1/kafka-clients-2.8.1.jar:/home/codespace/.m2/repository/com/github/luben/zstd-jni/1.4.9-1/zstd-jni-1.4.9-1.jar:/home/codespace/.m2/repository/org/lz4/lz4-java/1.7.1/lz4-java-1.7.1.jar:/home/codespace/.m2/repository/org/xerial/snappy/snappy-java/1.1.8.1/snappy-java-1.1.8.1.jar:/home/codespace/.m2/repository/software/amazon/awssdk/s3/2.8.1/s3-2.8.1.jar:/home/codespace/.m2/repository/software/amazon/awssdk/aws-xml-protocol/2.8.1/aws-xml-protocol-2.8.1.jar:/home/codespace/.m2/repository/software/amazon/awssdk/aws-query-protocol/2.8.1/aws-query-protocol-2.8.1.jar:/home/codespace/.m2/repository/software/amazon/msk/aws-msk-iam-auth/1.1.9/aws-msk-iam-auth-1.1.9.jar:/home/codespace/.m2/repository/com/amazonaws/aws-java-sdk-core/1.12.524/aws-java-sdk-core-1.12.524.jar:/home/codespace/.m2/repository/commons-logging/commons-logging/1.1.3/commons-logging-1.1.3.jar:/home/codespace/.m2/repository/software/amazon/ion/ion-java/1.0.2/ion-java-1.0.2.jar:/home/codespace/.m2/repository/com/fasterxml/jackson/dataformat/jackson-dataformat-cbor/2.12.6/jackson-dataformat-cbor-2.12.6.jar:/home/codespace/.m2/repository/joda-time/joda-time/2.8.1/joda-time-2.8.1.jar:/home/codespace/.m2/repository/com/amazonaws/aws-java-sdk-sts/1.12.524/aws-java-sdk-sts-1.12.524.jar:/home/codespace/.m2/repository/com/amazonaws/jmespath-java/1.12.524/jmespath-java-1.12.524.jar:/home/codespace/.m2/repository/software/amazon/awssdk/sso/2.20.121/sso-2.20.121.jar:/home/codespace/.m2/repository/software/amazon/awssdk/sts/2.20.121/sts-2.20.121.jar:/home/codespace/.m2/repository/com/fasterxml/jackson/core/jackson-databind/2.14.1/jackson-databind-2.14.1.jar:/home/codespace/.m2/repository/com/fasterxml/jackson/core/jackson-annotations/2.14.1/jackson-annotations-2.14.1.jar:/home/codespace/.m2/repository/com/fasterxml/jackson/core/jackson-core/2.14.1/jackson-core-2.14.1.jar:/home/codespace/.m2/repository/junit/junit/4.11/junit-4.11.jar:/home/codespace/.m2/repository/org/hamcrest/hamcrest-core/1.3/hamcrest-core-1.3.jar:"/>
    <property name="java.vm.vendor" value="Microsoft"/>
    <property name="sun.arch.data.model" value="64"/>
    <property name="java.vendor.url" value="https://www.microsoft.com"/>
    <property name="user.timezone" value=""/>
    <property name="java.vm.specification.version" value="11"/>
    <property name="os.name" value="Linux"/>
    <property name="sun.java.launcher" value="SUN_STANDARD"/>
    <property name="sun.boot.library.path" value="/opt/java/11.0.14/lib"/>
    <property name="sun.java.command" value="/workspaces/insideME/flink-demo-app/flink/target/surefire/surefirebooter13267854927007601529.jar /workspaces/insideME/flink-demo-app/flink/target/surefire 2024-07-11T08-10-14_725-jvmRun1 surefire10201746433260285530tmp surefire_03561441468585919392tmp"/>
    <property name="jdk.debug" value="release"/>
    <property name="surefire.test.class.path" value="/workspaces/insideME/flink-demo-app/flink/target/test-classes:/workspaces/insideME/flink-demo-app/flink/target/classes:/home/codespace/.m2/repository/org/apache/flink/flink-core/1.15.2/flink-core-1.15.2.jar:/home/codespace/.m2/repository/org/apache/flink/flink-annotations/1.15.2/flink-annotations-1.15.2.jar:/home/codespace/.m2/repository/org/apache/flink/flink-metrics-core/1.15.2/flink-metrics-core-1.15.2.jar:/home/codespace/.m2/repository/org/apache/flink/flink-shaded-asm-9/9.2-15.0/flink-shaded-asm-9-9.2-15.0.jar:/home/codespace/.m2/repository/org/apache/commons/commons-lang3/3.3.2/commons-lang3-3.3.2.jar:/home/codespace/.m2/repository/com/esotericsoftware/kryo/kryo/2.24.0/kryo-2.24.0.jar:/home/codespace/.m2/repository/com/esotericsoftware/minlog/minlog/1.2/minlog-1.2.jar:/home/codespace/.m2/repository/org/objenesis/objenesis/2.1/objenesis-2.1.jar:/home/codespace/.m2/repository/commons-collections/commons-collections/3.2.2/commons-collections-3.2.2.jar:/home/codespace/.m2/repository/org/apache/commons/commons-compress/1.21/commons-compress-1.21.jar:/home/codespace/.m2/repository/org/apache/flink/flink-shaded-guava/30.1.1-jre-15.0/flink-shaded-guava-30.1.1-jre-15.0.jar:/home/codespace/.m2/repository/org/slf4j/slf4j-api/1.7.32/slf4j-api-1.7.32.jar:/home/codespace/.m2/repository/com/google/code/findbugs/jsr305/1.3.9/jsr305-1.3.9.jar:/home/codespace/.m2/repository/org/apache/flink/flink-shaded-force-shading/15.0/flink-shaded-force-shading-15.0.jar:/home/codespace/.m2/repository/org/apache/flink/flink-connector-kafka/1.15.2/flink-connector-kafka-1.15.2.jar:/home/codespace/.m2/repository/org/apache/flink/flink-connector-base/1.15.2/flink-connector-base-1.15.2.jar:/home/codespace/.m2/repository/org/apache/flink/flink-streaming-java/1.15.2/flink-streaming-java-1.15.2.jar:/home/codespace/.m2/repository/org/apache/flink/flink-file-sink-common/1.15.2/flink-file-sink-common-1.15.2.jar:/home/codespace/.m2/repository/org/apache/flink/flink-runtime/1.15.2/flink-runtime-1.15.2.jar:/home/codespace/.m2/repository/org/apache/flink/flink-rpc-core/1.15.2/flink-rpc-core-1.15.2.jar:/home/codespace/.m2/repository/org/apache/flink/flink-rpc-akka-loader/1.15.2/flink-rpc-akka-loader-1.15.2.jar:/home/codespace/.m2/repository/org/apache/flink/flink-queryable-state-client-java/1.15.2/flink-queryable-state-client-java-1.15.2.jar:/home/codespace/.m2/repository/org/apache/flink/flink-hadoop-fs/1.15.2/flink-hadoop-fs-1.15.2.jar:/home/codespace/.m2/repository/commons-io/commons-io/2.11.0/commons-io-2.11.0.jar:/home/codespace/.m2/repository/org/apache/flink/flink-shaded-netty/4.1.70.Final-15.0/flink-shaded-netty-4.1.70.Final-15.0.jar:/home/codespace/.m2/repository/org/apache/flink/flink-shaded-jackson/2.12.4-15.0/flink-shaded-jackson-2.12.4-15.0.jar:/home/codespace/.m2/repository/org/apache/flink/flink-shaded-zookeeper-3/3.5.9-15.0/flink-shaded-zookeeper-3-3.5.9-15.0.jar:/home/codespace/.m2/repository/commons-cli/commons-cli/1.5.0/commons-cli-1.5.0.jar:/home/codespace/.m2/repository/org/javassist/javassist/3.24.0-GA/javassist-3.24.0-GA.jar:/home/codespace/.m2/repository/org/apache/commons/commons-math3/3.6.1/commons-math3-3.6.1.jar:/home/codespace/.m2/repository/com/amazonaws/aws-kinesisanalytics-runtime/1.2.0/aws-kinesisanalytics-runtime-1.2.0.jar:/home/codespace/.m2/repository/org/apache/flink/flink-java/1.15.2/flink-java-1.15.2.jar:/home/codespace/.m2/repository/com/twitter/chill-java/0.7.6/chill-java-0.7.6.jar:/home/codespace/.m2/repository/software/amazon/awssdk/ssm/2.25.70/ssm-2.25.70.jar:/home/codespace/.m2/repository/software/amazon/awssdk/aws-json-protocol/2.25.70/aws-json-protocol-2.25.70.jar:/home/codespace/.m2/repository/software/amazon/awssdk/third-party-jackson-core/2.25.70/third-party-jackson-core-2.25.70.jar:/home/codespace/.m2/repository/software/amazon/awssdk/protocol-core/2.25.70/protocol-core-2.25.70.jar:/home/codespace/.m2/repository/software/amazon/awssdk/http-auth-aws/2.25.70/http-auth-aws-2.25.70.jar:/home/codespace/.m2/repository/software/amazon/awssdk/checksums-spi/2.25.70/checksums-spi-2.25.70.jar:/home/codespace/.m2/repository/software/amazon/awssdk/checksums/2.25.70/checksums-2.25.70.jar:/home/codespace/.m2/repository/software/amazon/awssdk/sdk-core/2.25.70/sdk-core-2.25.70.jar:/home/codespace/.m2/repository/org/reactivestreams/reactive-streams/1.0.4/reactive-streams-1.0.4.jar:/home/codespace/.m2/repository/software/amazon/awssdk/auth/2.25.70/auth-2.25.70.jar:/home/codespace/.m2/repository/software/amazon/eventstream/eventstream/1.0.1/eventstream-1.0.1.jar:/home/codespace/.m2/repository/software/amazon/awssdk/http-auth-spi/2.25.70/http-auth-spi-2.25.70.jar:/home/codespace/.m2/repository/software/amazon/awssdk/http-auth/2.25.70/http-auth-2.25.70.jar:/home/codespace/.m2/repository/software/amazon/awssdk/identity-spi/2.25.70/identity-spi-2.25.70.jar:/home/codespace/.m2/repository/software/amazon/awssdk/http-client-spi/2.25.70/http-client-spi-2.25.70.jar:/home/codespace/.m2/repository/software/amazon/awssdk/regions/2.25.70/regions-2.25.70.jar:/home/codespace/.m2/repository/software/amazon/awssdk/annotations/2.25.70/annotations-2.25.70.jar:/home/codespace/.m2/repository/software/amazon/awssdk/utils/2.25.70/utils-2.25.70.jar:/home/codespace/.m2/repository/software/amazon/awssdk/aws-core/2.25.70/aws-core-2.25.70.jar:/home/codespace/.m2/repository/software/amazon/awssdk/metrics-spi/2.25.70/metrics-spi-2.25.70.jar:/home/codespace/.m2/repository/software/amazon/awssdk/json-utils/2.25.70/json-utils-2.25.70.jar:/home/codespace/.m2/repository/software/amazon/awssdk/endpoints-spi/2.25.70/endpoints-spi-2.25.70.jar:/home/codespace/.m2/repository/software/amazon/awssdk/apache-client/2.25.70/apache-client-2.25.70.jar:/home/codespace/.m2/repository/org/apache/httpcomponents/httpclient/4.5.13/httpclient-4.5.13.jar:/home/codespace/.m2/repository/org/apache/httpcomponents/httpcore/4.4.13/httpcore-4.4.13.jar:/home/codespace/.m2/repository/commons-codec/commons-codec/1.15/commons-codec-1.15.jar:/home/codespace/.m2/repository/software/amazon/awssdk/netty-nio-client/2.25.70/netty-nio-client-2.25.70.jar:/home/codespace/.m2/repository/io/netty/netty-codec-http/4.1.108.Final/netty-codec-http-4.1.108.Final.jar:/home/codespace/.m2/repository/io/netty/netty-codec-http2/4.1.108.Final/netty-codec-http2-4.1.108.Final.jar:/home/codespace/.m2/repository/io/netty/netty-codec/4.1.108.Final/netty-codec-4.1.108.Final.jar:/home/codespace/.m2/repository/io/netty/netty-transport/4.1.108.Final/netty-transport-4.1.108.Final.jar:/home/codespace/.m2/repository/io/netty/netty-common/4.1.108.Final/netty-common-4.1.108.Final.jar:/home/codespace/.m2/repository/io/netty/netty-buffer/4.1.108.Final/netty-buffer-4.1.108.Final.jar:/home/codespace/.m2/repository/io/netty/netty-handler/4.1.108.Final/netty-handler-4.1.108.Final.jar:/home/codespace/.m2/repository/io/netty/netty-transport-native-unix-common/4.1.108.Final/netty-transport-native-unix-common-4.1.108.Final.jar:/home/codespace/.m2/repository/io/netty/netty-transport-classes-epoll/4.1.108.Final/netty-transport-classes-epoll-4.1.108.Final.jar:/home/codespace/.m2/repository/io/netty/netty-resolver/4.1.108.Final/netty-resolver-4.1.108.Final.jar:/home/codespace/.m2/repository/software/amazon/awssdk/profiles/2.26.10/profiles-2.26.10.jar:/home/codespace/.m2/repository/org/apache/kafka/kafka-clients/2.8.1/kafka-clients-2.8.1.jar:/home/codespace/.m2/repository/com/github/luben/zstd-jni/1.4.9-1/zstd-jni-1.4.9-1.jar:/home/codespace/.m2/repository/org/lz4/lz4-java/1.7.1/lz4-java-1.7.1.jar:/home/codespace/.m2/repository/org/xerial/snappy/snappy-java/1.1.8.1/snappy-java-1.1.8.1.jar:/home/codespace/.m2/repository/software/amazon/awssdk/s3/2.8.1/s3-2.8.1.jar:/home/codespace/.m2/repository/software/amazon/awssdk/aws-xml-protocol/2.8.1/aws-xml-protocol-2.8.1.jar:/home/codespace/.m2/repository/software/amazon/awssdk/aws-query-protocol/2.8.1/aws-query-protocol-2.8.1.jar:/home/codespace/.m2/repository/software/amazon/msk/aws-msk-iam-auth/1.1.9/aws-msk-iam-auth-1.1.9.jar:/home/codespace/.m2/repository/com/amazonaws/aws-java-sdk-core/1.12.524/aws-java-sdk-core-1.12.524.jar:/home/codespace/.m2/repository/commons-logging/commons-logging/1.1.3/commons-logging-1.1.3.jar:/home/codespace/.m2/repository/software/amazon/ion/ion-java/1.0.2/ion-java-1.0.2.jar:/home/codespace/.m2/repository/com/fasterxml/jackson/dataformat/jackson-dataformat-cbor/2.12.6/jackson-dataformat-cbor-2.12.6.jar:/home/codespace/.m2/repository/joda-time/joda-time/2.8.1/joda-time-2.8.1.jar:/home/codespace/.m2/repository/com/amazonaws/aws-java-sdk-sts/1.12.524/aws-java-sdk-sts-1.12.524.jar:/home/codespace/.m2/repository/com/amazonaws/jmespath-java/1.12.524/jmespath-java-1.12.524.jar:/home/codespace/.m2/repository/software/amazon/awssdk/sso/2.20.121/sso-2.20.121.jar:/home/codespace/.m2/repository/software/amazon/awssdk/sts/2.20.121/sts-2.20.121.jar:/home/codespace/.m2/repository/com/fasterxml/jackson/core/jackson-databind/2.14.1/jackson-databind-2.14.1.jar:/home/codespace/.m2/repository/com/fasterxml/jackson/core/jackson-annotations/2.14.1/jackson-annotations-2.14.1.jar:/home/codespace/.m2/repository/com/fasterxml/jackson/core/jackson-core/2.14.1/jackson-core-2.14.1.jar:/home/codespace/.m2/repository/junit/junit/4.11/junit-4.11.jar:/home/codespace/.m2/repository/org/hamcrest/hamcrest-core/1.3/hamcrest-core-1.3.jar:"/>
    <property name="sun.cpu.endian" value="little"/>
    <property name="user.home" value="/home/codespace"/>
    <property name="user.language" value="en"/>
    <property name="java.specification.vendor" value="Oracle Corporation"/>
    <property name="java.version.date" value="2022-02-08"/>
    <property name="java.home" value="/opt/java/11.0.14"/>
    <property name="file.separator" value="/"/>
    <property name="basedir" value="/workspaces/insideME/flink-demo-app/flink"/>
    <property name="java.vm.compressedOopsMode" value="32-bit"/>
    <property name="line.separator" value="&#10;"/>
    <property name="java.specification.name" value="Java Platform API Specification"/>
    <property name="java.vm.specification.vendor" value="Oracle Corporation"/>
    <property name="java.awt.graphicsenv" value="sun.awt.X11GraphicsEnvironment"/>
    <property name="surefire.real.class.path" value="/workspaces/insideME/flink-demo-app/flink/target/surefire/surefirebooter13267854927007601529.jar"/>
    <property name="sun.management.compiler" value="HotSpot 64-Bit Tiered Compilers"/>
    <property name="java.runtime.version" value="11.0.14.1+1-LTS"/>
    <property name="user.name" value="codespace"/>
    <property name="path.separator" value=":"/>
    <property name="os.version" value="6.5.0-1022-azure"/>
    <property name="java.runtime.name" value="OpenJDK Runtime Environment"/>
    <property name="file.encoding" value="UTF-8"/>
    <property name="java.vm.name" value="OpenJDK 64-Bit Server VM"/>
    <property name="java.vendor.version" value="Microsoft-31205"/>
    <property name="localRepository" value="/home/codespace/.m2/repository"/>
    <property name="java.vendor.url.bug" value="https://github.com/microsoft/openjdk/issues"/>
    <property name="java.io.tmpdir" value="/tmp"/>
    <property name="java.version" value="11.0.14.1"/>
    <property name="user.dir" value="/workspaces/insideME/flink-demo-app/flink"/>
    <property name="os.arch" value="amd64"/>
    <property name="java.vm.specification.name" value="Java Virtual Machine Specification"/>
    <property name="java.awt.printerjob" value="sun.print.PSPrinterJob"/>
    <property name="sun.os.patch.level" value="unknown"/>
    <property name="java.library.path" value="/usr/java/packages/lib:/usr/lib64:/lib64:/lib:/usr/lib"/>
    <property name="java.vm.info" value="mixed mode"/>
    <property name="java.vendor" value="Microsoft"/>
    <property name="java.vm.version" value="11.0.14.1+1-LTS"/>
    <property name="sun.io.unicode.encoding" value="UnicodeLittle"/>
    <property name="java.class.version" value="55.0"/>
  </properties>
  <testcase name="shouldAnswerWithTrue" classname="summit.AppTest" time="0.002"/>
</testsuite>